<?xml version="1.0" encoding="UTF-8"?>
<testsuite xmlns:xsi="http://www.w3.org/2001/XMLSchema-instance" xsi:noNamespaceSchemaLocation="https://maven.apache.org/surefire/maven-surefire-plugin/xsd/surefire-test-report-3.0.xsd" version="3.0" name="com.example.demo.cucumber.runner.CucumberTestRunner" time="3.401" tests="7" errors="0" skipped="0" failures="0">
  <properties>
[...]
</properties>
  <testcase name="Create a new user successfully" classname="User Management" time="2.777">
    <system-out><![CDATA[12:13:40.710 [main] INFO org.springframework.test.context.support.AnnotationConfigContextLoaderUtils -- Could not detect default configuration classes for test class [com.example.demo.cucumber.config.CucumberSpringConfiguration]: CucumberSpringConfiguration does not declare any static, non-private, non-final, nested classes annotated with @Configuration.
12:13:40.790 [main] INFO org.springframework.boot.test.context.SpringBootTestContextBootstrapper -- Found @SpringBootConfiguration com.example.demo.DemoApplication for test class com.example.demo.cucumber.config.CucumberSpringConfiguration

  .   ____          _            __ _ _
 /\\ / ___'_ __ _ _(_)_ __  __ _ \ \ \ \
( ( )\___ | '_ | '_| | '_ \/ _` | \ \ \ \
 \\/  ___)| |_)| | | | | || (_| |  ) ) ) )
  '  |____| .__|_| |_|_| |_\__, | / / / /
 =========|_|==============|___/=/_/_/_/
 :: Spring Boot ::                (v3.2.0)

2025-12-02T12:13:41.159Z  INFO 3605 --- [spring-boot-cucumber-demo-test] [           main] c.e.d.c.c.CucumberSpringConfiguration    : Starting CucumberSpringConfiguration using Java 17.0.17 with PID 3605 (started by runner in /home/runner/work/spring-boot-cucumber-demo/spring-boot-cucumber-demo)
2025-12-02T12:13:41.160Z  INFO 3605 --- [spring-boot-cucumber-demo-test] [           main] c.e.d.c.c.CucumberSpringConfiguration    : The following 1 profile is active: "test"
2025-12-02T12:13:42.426Z  INFO 3605 --- [spring-boot-cucumber-demo-test] [           main] c.e.d.c.c.CucumberSpringConfiguration    : Started CucumberSpringConfiguration in 1.549 seconds (process running for 2.82)

Scenario: Create a new user successfully                                          &amp#27;[90m# features/user-management.feature:9&amp#27;[0m
  &amp#27;[32mGiven &amp#27;[0m&amp#27;[32mthe user service is running&amp#27;[0m                                               &amp#27;[90m# com.example.demo.cucumber.steps.UserStepDefinitions.theUserServiceIsRunning()&amp#27;[0m
  &amp#27;[32mGiven &amp#27;[0m&amp#27;[32mI have user details with name &amp#27;[0m&amp#27;[32m&amp#27;[1m"John Doe"&amp#27;[0m&amp#27;[32m and email &amp#27;[0m&amp#27;[32m&amp#27;[1m"john.doe@example.com"&amp#27;[0m &amp#27;[90m# com.example.demo.cucumber.steps.UserStepDefinitions.iHaveUserDetailsWithNameAndEmail(java.lang.String,java.lang.String)&amp#27;[0m
2025-12-02T12:13:43.279Z  INFO 3605 --- [spring-boot-cucumber-demo-test] [o-auto-1-exec-1] o.s.web.servlet.DispatcherServlet        : Initializing Servlet 'dispatcherServlet'
2025-12-02T12:13:43.281Z  INFO 3605 --- [spring-boot-cucumber-demo-test] [o-auto-1-exec-1] o.s.web.servlet.DispatcherServlet        : Completed initialization in 1 ms
  &amp#27;[32mWhen &amp#27;[0m&amp#27;[32mI send a POST request to create the user&amp#27;[0m                                   &amp#27;[90m# com.example.demo.cucumber.steps.UserStepDefinitions.iSendAPostRequestToCreateTheUser()&amp#27;[0m
  &amp#27;[32mThen &amp#27;[0m&amp#27;[32mthe response status code should be &amp#27;[0m&amp#27;[32m&amp#27;[1m201&amp#27;[0m                                     &amp#27;[90m# com.example.demo.cucumber.steps.UserStepDefinitions.theResponseStatusCodeShouldBe(int)&amp#27;[0m
  &amp#27;[32mAnd &amp#27;[0m&amp#27;[32mthe response should contain user with name &amp#27;[0m&amp#27;[32m&amp#27;[1m"John Doe"&amp#27;[0m                       &amp#27;[90m# com.example.demo.cucumber.steps.UserStepDefinitions.theResponseShouldContainUserWithName(java.lang.String)&amp#27;[0m
  &amp#27;[32mAnd &amp#27;[0m&amp#27;[32mthe response should contain user with email &amp#27;[0m&amp#27;[32m&amp#27;[1m"john.doe@example.com"&amp#27;[0m          &amp#27;[90m# com.example.demo.cucumber.steps.UserStepDefinitions.theResponseShouldContainUserWithEmail(java.lang.String)&amp#27;[0m
]]></system-out>
  </testcase>
  <testcase name="Get user by ID" classname="User Management" time="0.04">
    <system-out><![CDATA[
Scenario: Get user by ID                                                    &amp#27;[90m# features/user-management.feature:16&amp#27;[0m
  &amp#27;[32mGiven &amp#27;[0m&amp#27;[32mthe user service is running&amp#27;[0m                                         &amp#27;[90m# com.example.demo.cucumber.steps.UserStepDefinitions.theUserServiceIsRunning()&amp#27;[0m
  &amp#27;[32mGiven &amp#27;[0m&amp#27;[32ma user exists with name &amp#27;[0m&amp#27;[32m&amp#27;[1m"Jane Doe"&amp#27;[0m&amp#27;[32m and email &amp#27;[0m&amp#27;[32m&amp#27;[1m"jane.doe@example.com"&amp#27;[0m &amp#27;[90m# com.example.demo.cucumber.steps.UserStepDefinitions.aUserExistsWithNameAndEmail(java.lang.String,java.lang.String)&amp#27;[0m
  &amp#27;[32mWhen &amp#27;[0m&amp#27;[32mI send a GET request to retrieve the user by ID&amp#27;[0m                      &amp#27;[90m# com.example.demo.cucumber.steps.UserStepDefinitions.iSendAGetRequestToRetrieveTheUserById()&amp#27;[0m
  &amp#27;[32mThen &amp#27;[0m&amp#27;[32mthe response status code should be &amp#27;[0m&amp#27;[32m&amp#27;[1m200&amp#27;[0m                               &amp#27;[90m# com.example.demo.cucumber.steps.UserStepDefinitions.theResponseStatusCodeShouldBe(int)&amp#27;[0m
  &amp#27;[32mAnd &amp#27;[0m&amp#27;[32mthe response should contain user with name &amp#27;[0m&amp#27;[32m&amp#27;[1m"Jane Doe"&amp#27;[0m                 &amp#27;[90m# com.example.demo.cucumber.steps.UserStepDefinitions.theResponseShouldContainUserWithName(java.lang.String)&amp#27;[0m
  &amp#27;[32mAnd &amp#27;[0m&amp#27;[32mthe response should contain user with email &amp#27;[0m&amp#27;[32m&amp#27;[1m"jane.doe@example.com"&amp#27;[0m    &amp#27;[90m# com.example.demo.cucumber.steps.UserStepDefinitions.theResponseShouldContainUserWithEmail(java.lang.String)&amp#27;[0m
]]></system-out>
  </testcase>
  <testcase name="Get all users" classname="User Management" time="0.028">
    <system-out><![CDATA[
Scenario: Get all users                           &amp#27;[90m# features/user-management.feature:23&amp#27;[0m
  &amp#27;[32mGiven &amp#27;[0m&amp#27;[32mthe user service is running&amp#27;[0m               &amp#27;[90m# com.example.demo.cucumber.steps.UserStepDefinitions.theUserServiceIsRunning()&amp#27;[0m
  &amp#27;[32mGiven &amp#27;[0m&amp#27;[32mthe following users exist:&amp#27;[0m                &amp#27;[90m# com.example.demo.cucumber.steps.UserStepDefinitions.theFollowingUsersExist(io.cucumber.datatable.DataTable)&amp#27;[0m
    | name  | email             |
    | Alice | alice@example.com |
    | Bob   | bob@example.com   |
  &amp#27;[32mWhen &amp#27;[0m&amp#27;[32mI send a GET request to retrieve all users&amp#27;[0m &amp#27;[90m# com.example.demo.cucumber.steps.UserStepDefinitions.iSendAGetRequestToRetrieveAllUsers()&amp#27;[0m
  &amp#27;[32mThen &amp#27;[0m&amp#27;[32mthe response status code should be &amp#27;[0m&amp#27;[32m&amp#27;[1m200&amp#27;[0m     &amp#27;[90m# com.example.demo.cucumber.steps.UserStepDefinitions.theResponseStatusCodeShouldBe(int)&amp#27;[0m
  &amp#27;[32mAnd &amp#27;[0m&amp#27;[32mthe response should contain &amp#27;[0m&amp#27;[32m&amp#27;[1m2&amp#27;[0m&amp#27;[32m users&amp#27;[0m         &amp#27;[90m# com.example.demo.cucumber.steps.UserStepDefinitions.theResponseShouldContainUsers(int)&amp#27;[0m
]]></system-out>
  </testcase>
  <testcase name="Update an existing user" classname="User Management" time="0.021">
    <system-out><![CDATA[
Scenario: Update an existing user                                                            &amp#27;[90m# features/user-management.feature:32&amp#27;[0m
  &amp#27;[32mGiven &amp#27;[0m&amp#27;[32mthe user service is running&amp#27;[0m                                                          &amp#27;[90m# com.example.demo.cucumber.steps.UserStepDefinitions.theUserServiceIsRunning()&amp#27;[0m
  &amp#27;[32mGiven &amp#27;[0m&amp#27;[32ma user exists with name &amp#27;[0m&amp#27;[32m&amp#27;[1m"Charlie"&amp#27;[0m&amp#27;[32m and email &amp#27;[0m&amp#27;[32m&amp#27;[1m"charlie@example.com"&amp#27;[0m                    &amp#27;[90m# com.example.demo.cucumber.steps.UserStepDefinitions.aUserExistsWithNameAndEmail(java.lang.String,java.lang.String)&amp#27;[0m
  &amp#27;[32mWhen &amp#27;[0m&amp#27;[32mI update the user with name &amp#27;[0m&amp#27;[32m&amp#27;[1m"Charlie Updated"&amp#27;[0m&amp#27;[32m and email &amp#27;[0m&amp#27;[32m&amp#27;[1m"charlie.updated@example.com"&amp#27;[0m &amp#27;[90m# com.example.demo.cucumber.steps.UserStepDefinitions.iUpdateTheUserWithNameAndEmail(java.lang.String,java.lang.String)&amp#27;[0m
  &amp#27;[32mThen &amp#27;[0m&amp#27;[32mthe response status code should be &amp#27;[0m&amp#27;[32m&amp#27;[1m200&amp#27;[0m                                                &amp#27;[90m# com.example.demo.cucumber.steps.UserStepDefinitions.theResponseStatusCodeShouldBe(int)&amp#27;[0m
  &amp#27;[32mAnd &amp#27;[0m&amp#27;[32mthe response should contain user with name &amp#27;[0m&amp#27;[32m&amp#27;[1m"Charlie Updated"&amp#27;[0m                           &amp#27;[90m# com.example.demo.cucumber.steps.UserStepDefinitions.theResponseShouldContainUserWithName(java.lang.String)&amp#27;[0m
  &amp#27;[32mAnd &amp#27;[0m&amp#27;[32mthe response should contain user with email &amp#27;[0m&amp#27;[32m&amp#27;[1m"charlie.updated@example.com"&amp#27;[0m              &amp#27;[90m# com.example.demo.cucumber.steps.UserStepDefinitions.theResponseShouldContainUserWithEmail(java.lang.String)&amp#27;[0m
]]></system-out>
  </testcase>
  <testcase name="Delete a user" classname="User Management" time="0.018">
    <system-out><![CDATA[
Scenario: Delete a user                                               &amp#27;[90m# features/user-management.feature:39&amp#27;[0m
  &amp#27;[32mGiven &amp#27;[0m&amp#27;[32mthe user service is running&amp#27;[0m                                   &amp#27;[90m# com.example.demo.cucumber.steps.UserStepDefinitions.theUserServiceIsRunning()&amp#27;[0m
  &amp#27;[32mGiven &amp#27;[0m&amp#27;[32ma user exists with name &amp#27;[0m&amp#27;[32m&amp#27;[1m"David"&amp#27;[0m&amp#27;[32m and email &amp#27;[0m&amp#27;[32m&amp#27;[1m"david@example.com"&amp#27;[0m &amp#27;[90m# com.example.demo.cucumber.steps.UserStepDefinitions.aUserExistsWithNameAndEmail(java.lang.String,java.lang.String)&amp#27;[0m
  &amp#27;[32mWhen &amp#27;[0m&amp#27;[32mI send a DELETE request to delete the user&amp#27;[0m                     &amp#27;[90m# com.example.demo.cucumber.steps.UserStepDefinitions.iSendADeleteRequestToDeleteTheUser()&amp#27;[0m
  &amp#27;[32mThen &amp#27;[0m&amp#27;[32mthe response status code should be &amp#27;[0m&amp#27;[32m&amp#27;[1m204&amp#27;[0m                         &amp#27;[90m# com.example.demo.cucumber.steps.UserStepDefinitions.theResponseStatusCodeShouldBe(int)&amp#27;[0m
]]></system-out>
  </testcase>
  <testcase name="Get non-existing user returns 404" classname="User Management" time="0.019">
    <system-out><![CDATA[
Scenario: Get non-existing user returns 404               &amp#27;[90m# features/user-management.feature:44&amp#27;[0m
  &amp#27;[32mGiven &amp#27;[0m&amp#27;[32mthe user service is running&amp#27;[0m                       &amp#27;[90m# com.example.demo.cucumber.steps.UserStepDefinitions.theUserServiceIsRunning()&amp#27;[0m
  &amp#27;[32mWhen &amp#27;[0m&amp#27;[32mI send a GET request to retrieve user with ID &amp#27;[0m&amp#27;[32m&amp#27;[1m9999&amp#27;[0m &amp#27;[90m# com.example.demo.cucumber.steps.UserStepDefinitions.iSendAGetRequestToRetrieveUserWithId(java.lang.Long)&amp#27;[0m
  &amp#27;[32mThen &amp#27;[0m&amp#27;[32mthe response status code should be &amp#27;[0m&amp#27;[32m&amp#27;[1m404&amp#27;[0m             &amp#27;[90m# com.example.demo.cucumber.steps.UserStepDefinitions.theResponseStatusCodeShouldBe(int)&amp#27;[0m
]]></system-out>
  </testcase>
  <testcase name="Create user with invalid email" classname="User Management" time="0.035">
    <system-out><![CDATA[
Scenario: Create user with invalid email                                       &amp#27;[90m# features/user-management.feature:48&amp#27;[0m
  &amp#27;[32mGiven &amp#27;[0m&amp#27;[32mthe user service is running&amp#27;[0m                                            &amp#27;[90m# com.example.demo.cucumber.steps.UserStepDefinitions.theUserServiceIsRunning()&amp#27;[0m
  &amp#27;[32mGiven &amp#27;[0m&amp#27;[32mI have user details with name &amp#27;[0m&amp#27;[32m&amp#27;[1m"Invalid User"&amp#27;[0m&amp#27;[32m and email &amp#27;[0m&amp#27;[32m&amp#27;[1m"invalid-email"&amp#27;[0m &amp#27;[90m# com.example.demo.cucumber.steps.UserStepDefinitions.iHaveUserDetailsWithNameAndEmail(java.lang.String,java.lang.String)&amp#27;[0m
2025-12-02T12:13:43.556Z  WARN 3605 --- [spring-boot-cucumber-demo-test] [o-auto-1-exec-7] .w.s.m.s.DefaultHandlerExceptionResolver : Resolved [org.springframework.web.bind.MethodArgumentNotValidException: Validation failed for argument [0] in public org.springframework.http.ResponseEntity<com.example.demo.model.User> com.example.demo.controller.UserController.createUser(com.example.demo.model.User): [Field error in object 'user' on field 'email': rejected value [invalid-email]; codes [Email.user.email,Email.email,Email.java.lang.String,Email]; arguments [org.springframework.context.support.DefaultMessageSourceResolvable: codes [user.email,email]; arguments []; default message [email],[Ljakarta.validation.constraints.Pattern$Flag;@655b38fd,.*]; default message [Email must be valid]] ]
  &amp#27;[32mWhen &amp#27;[0m&amp#27;[32mI send a POST request to create the user&amp#27;[0m                                &amp#27;[90m# com.example.demo.cucumber.steps.UserStepDefinitions.iSendAPostRequestToCreateTheUser()&amp#27;[0m
  &amp#27;[32mThen &amp#27;[0m&amp#27;[32mthe response status code should be &amp#27;[0m&amp#27;[32m&amp#27;[1m400&amp#27;[0m                                  &amp#27;[90m# com.example.demo.cucumber.steps.UserStepDefinitions.theResponseStatusCodeShouldBe(int)&amp#27;[0m
]]></system-out>
  </testcase>
</testsuite>